[LOG] System::create                           : Header version = 2.01.11. Current version = 2.01.11.
[LOG] Manager::init                            : maxchannels = 256 studioflags = 00000006 flags 00000000 extradriverdata 0000000000000000.
[LOG] SystemI::init                            : Initialize version=20111 (118066), maxchannels=256, flags=0x00020000
[LOG] SystemI::setOutputInternal               : Setting output to 'FMOD WASAPI Output'
[LOG] OutputWASAPI::init                       : Mix Format (WAVEFORMATEX): wFormatTag=0xFFFE, nChannels=2, nSamplesPerSec=48000, nAvgBytesPerSec=384000, nBlockAlign=8, wBitsPerSample=32, cbSize=22.
[LOG] OutputWASAPI::init                       : Mix Format (WAVEFORMATEXTENSIBLE): wValidBitsPerSample=32, dwChannelMask=0x00000003, SubFormat=00000003-0000-0010-8000-00AA00389B71.
[LOG] OutputWASAPI::init                       : Output buffer size: 4096 samples, latency: 0.00ms, period: 10.00ms, DSP buffer: 1024 * 4
[LOG] Thread::initThread                       : Init FMOD stream thread. Affinity: 0x8000000000000003, Priority: 0xFFFF7FFB, Stack Size: 98304, Semaphore: No, Sleep Time: 10, Looping: Yes.
[LOG] Thread::initThread                       : Init FMOD mixer thread. Affinity: 0x8000000000000001, Priority: 0xFFFF7FFA, Stack Size: 81920, Semaphore: No, Sleep Time: 0, Looping: Yes.
[LOG] AsyncManager::init                       : manager 000001B8A2B4CFF8 isAsync 0 updatePeriod 0.02
[LOG] AsyncManager::init                       : done
[LOG] PlaybackSystem::init                     : 
[LOG] Thread::initThread                       : Init FMOD Studio sample load thread. Affinity: 0x8000000000000003, Priority: 0xFFFF7FFD, Stack Size: 98304, Semaphore: No, Sleep Time: 1, Looping: No.
[LOG] PlaybackSystem::init                     : done
[LOG] Thread::initThread                       : Init FMOD Studio bank load thread. Affinity: 0x8000000000000003, Priority: 0xFFFF7FFD, Stack Size: 98304, Semaphore: No, Sleep Time: 1, Looping: No.
[LOG] Manager::init                            : done.
[LOG] Manager::readBank                        : fileversion = 135, compatVersion = 132 (oldest = 44, newest = 135)
[LOG] Manager::readBank                        : fileversion = 135, compatVersion = 132 (oldest = 44, newest = 135)
[LOG] Manager::readBank                        : fileversion = 135, compatVersion = 132 (oldest = 44, newest = 135)
[LOG] PlaybackSystem::acquireMasterBus         : Setting master channel group format to 6
[LOG] SystemI::createSoundInternal             : Create name='', mode=0x02000202
[LOG] SystemI::createSoundInternal             : exinfo->cbsize             = 224
[LOG] SystemI::createSoundInternal             : exinfo->length             = 566624
[LOG] SystemI::createSoundInternal             : exinfo->fileoffset         = 32064
[LOG] SystemI::createSoundInternal             : exinfo->numsubsounds       = 1
[LOG] SystemI::createSoundInternal             : exinfo->inclusionlist      = 0000001673C4F018
[LOG] SystemI::createSoundInternal             : exinfo->inclusionlistnum   = 1
[LOG] SystemI::createSoundInternal             : exinfo->suggestedsoundtype = 5
[LOG] SystemI::createSoundInternal             : exinfo->useropen           = 00007FFCA7D460E0
[LOG] SystemI::createSoundInternal             : exinfo->userclose          = 00007FFCA7D460B0
[LOG] SystemI::createSoundInternal             : exinfo->userread           = 00007FFCA7D461B0
[LOG] SystemI::createSoundInternal             : exinfo->userseek           = 00007FFCA7D46270
[LOG] SystemI::createSoundInternal             : exinfo->fileuserdata       = 000001B8FA555938
[LOG] SystemI::createSoundInternal             : exinfo->initialseekpostype = 1
[LOG] SystemI::DSPCodecPoolRegister            : register codec pool for pool type 5
[LOG] SystemI::createSoundInternal             : Sample 0/1: name='STEPS Concrete, Run 11', format=5, channels=1, frequency=48000, lengthbytes=1824, lengthpcm=8634, pcmblocksize=0, loopstart=0, loopend=0, mode=0x00000000, channelmask=0x00000000, channelorder=0, peakvolume=0.087463.
[LOG] SystemI::createSoundInternal             : Create name='', mode=0x02000202
[LOG] SystemI::createSoundInternal             : exinfo->cbsize             = 224
[LOG] SystemI::createSoundInternal             : exinfo->length             = 566624
[LOG] SystemI::createSoundInternal             : exinfo->fileoffset         = 32064
[LOG] SystemI::createSoundInternal             : exinfo->numsubsounds       = 1
[LOG] SystemI::createSoundInternal             : exinfo->inclusionlist      = 0000001673C4F018
[LOG] SystemI::createSoundInternal             : exinfo->inclusionlistnum   = 1
[LOG] SystemI::createSoundInternal             : exinfo->suggestedsoundtype = 5
[LOG] SystemI::createSoundInternal             : exinfo->useropen           = 00007FFCA7D460E0
[LOG] SystemI::createSoundInternal             : exinfo->userclose          = 00007FFCA7D460B0
[LOG] SystemI::createSoundInternal             : exinfo->userread           = 00007FFCA7D461B0
[LOG] SystemI::createSoundInternal             : exinfo->userseek           = 00007FFCA7D46270
[LOG] SystemI::createSoundInternal             : exinfo->fileuserdata       = 000001B8FA555938
[LOG] SystemI::createSoundInternal             : exinfo->initialseekpostype = 1
[LOG] SystemI::DSPCodecPoolRegister            : register codec pool for pool type 5
[LOG] SystemI::createSoundInternal             : Sample 0/1: name='STEPS Concrete, Run 13', format=5, channels=1, frequency=48000, lengthbytes=1984, lengthpcm=9240, pcmblocksize=0, loopstart=0, loopend=0, mode=0x00000000, channelmask=0x00000000, channelorder=0, peakvolume=0.236816.
[LOG] SystemI::createSoundInternal             : Create name='', mode=0x02000202
[LOG] SystemI::createSoundInternal             : exinfo->cbsize             = 224
[LOG] SystemI::createSoundInternal             : exinfo->length             = 566624
[LOG] SystemI::createSoundInternal             : exinfo->fileoffset         = 32064
[LOG] SystemI::createSoundInternal             : exinfo->numsubsounds       = 1
[LOG] SystemI::createSoundInternal             : exinfo->inclusionlist      = 0000001673C4F018
[LOG] SystemI::createSoundInternal             : exinfo->inclusionlistnum   = 1
[LOG] SystemI::createSoundInternal             : exinfo->suggestedsoundtype = 5
[LOG] SystemI::createSoundInternal             : exinfo->useropen           = 00007FFCA7D460E0
[LOG] SystemI::createSoundInternal             : exinfo->userclose          = 00007FFCA7D460B0
[LOG] SystemI::createSoundInternal             : exinfo->userread           = 00007FFCA7D461B0
[LOG] SystemI::createSoundInternal             : exinfo->userseek           = 00007FFCA7D46270
[LOG] SystemI::createSoundInternal             : exinfo->fileuserdata       = 000001B8FA555938
[LOG] SystemI::createSoundInternal             : exinfo->initialseekpostype = 1
[LOG] SystemI::DSPCodecPoolRegister            : register codec pool for pool type 5
[LOG] SystemI::createSoundInternal             : Sample 0/1: name='STEPS Concrete, Run 14', format=5, channels=1, frequency=48000, lengthbytes=1632, lengthpcm=7592, pcmblocksize=0, loopstart=0, loopend=0, mode=0x00000000, channelmask=0x00000000, channelorder=0, peakvolume=0.335358.
[LOG] SystemI::createSoundInternal             : Create name='', mode=0x02000202
[LOG] SystemI::createSoundInternal             : exinfo->cbsize             = 224
[LOG] SystemI::createSoundInternal             : exinfo->length             = 566624
[LOG] SystemI::createSoundInternal             : exinfo->fileoffset         = 32064
[LOG] SystemI::createSoundInternal             : exinfo->numsubsounds       = 1
[LOG] SystemI::createSoundInternal             : exinfo->inclusionlist      = 0000001673C4F018
[LOG] SystemI::createSoundInternal             : exinfo->inclusionlistnum   = 1
[LOG] SystemI::createSoundInternal             : exinfo->suggestedsoundtype = 5
[LOG] SystemI::createSoundInternal             : exinfo->useropen           = 00007FFCA7D460E0
[LOG] SystemI::createSoundInternal             : exinfo->userclose          = 00007FFCA7D460B0
[LOG] SystemI::createSoundInternal             : exinfo->userread           = 00007FFCA7D461B0
[LOG] SystemI::createSoundInternal             : exinfo->userseek           = 00007FFCA7D46270
[LOG] SystemI::createSoundInternal             : exinfo->fileuserdata       = 000001B8FA555938
[LOG] SystemI::createSoundInternal             : exinfo->initialseekpostype = 1
[LOG] SystemI::DSPCodecPoolRegister            : register codec pool for pool type 5
[LOG] SystemI::createSoundInternal             : Sample 0/1: name='STEPS Concrete, Run 12', format=5, channels=1, frequency=48000, lengthbytes=1696, lengthpcm=7241, pcmblocksize=0, loopstart=0, loopend=0, mode=0x00000000, channelmask=0x00000000, channelorder=0, peakvolume=0.064209.
[LOG] SystemI::createSoundInternal             : Create name='', mode=0x02000202
[LOG] SystemI::createSoundInternal             : exinfo->cbsize             = 224
[LOG] SystemI::createSoundInternal             : exinfo->length             = 566624
[LOG] SystemI::createSoundInternal             : exinfo->fileoffset         = 32064
[LOG] SystemI::createSoundInternal             : exinfo->numsubsounds       = 1
[LOG] SystemI::createSoundInternal             : exinfo->inclusionlist      = 0000001673C4F018
[LOG] SystemI::createSoundInternal             : exinfo->inclusionlistnum   = 1
[LOG] SystemI::createSoundInternal             : exinfo->suggestedsoundtype = 5
[LOG] SystemI::createSoundInternal             : exinfo->useropen           = 00007FFCA7D460E0
[LOG] SystemI::createSoundInternal             : exinfo->userclose          = 00007FFCA7D460B0
[LOG] SystemI::createSoundInternal             : exinfo->userread           = 00007FFCA7D461B0
[LOG] SystemI::createSoundInternal             : exinfo->userseek           = 00007FFCA7D46270
[LOG] SystemI::createSoundInternal             : exinfo->fileuserdata       = 000001B8FA555938
[LOG] SystemI::createSoundInternal             : exinfo->initialseekpostype = 1
[LOG] SystemI::DSPCodecPoolRegister            : register codec pool for pool type 5
[LOG] SystemI::createSoundInternal             : Sample 0/1: name='STEPS Concrete, Run 15', format=5, channels=1, frequency=48000, lengthbytes=1824, lengthpcm=8157, pcmblocksize=0, loopstart=0, loopend=0, mode=0x00000000, channelmask=0x00000000, channelorder=0, peakvolume=0.303802.
[LOG] SystemI::createSoundInternal             : Create name='', mode=0x02000202
[LOG] SystemI::createSoundInternal             : exinfo->cbsize             = 224
[LOG] SystemI::createSoundInternal             : exinfo->length             = 566624
[LOG] SystemI::createSoundInternal             : exinfo->fileoffset         = 32064
[LOG] SystemI::createSoundInternal             : exinfo->numsubsounds       = 1
[LOG] SystemI::createSoundInternal             : exinfo->inclusionlist      = 0000001673C4F018
[LOG] SystemI::createSoundInternal             : exinfo->inclusionlistnum   = 1
[LOG] SystemI::createSoundInternal             : exinfo->suggestedsoundtype = 5
[LOG] SystemI::createSoundInternal             : exinfo->useropen           = 00007FFCA7D460E0
[LOG] SystemI::createSoundInternal             : exinfo->userclose          = 00007FFCA7D460B0
[LOG] SystemI::createSoundInternal             : exinfo->userread           = 00007FFCA7D461B0
[LOG] SystemI::createSoundInternal             : exinfo->userseek           = 00007FFCA7D46270
[LOG] SystemI::createSoundInternal             : exinfo->fileuserdata       = 000001B8F552AFE8
[LOG] SystemI::createSoundInternal             : exinfo->initialseekpostype = 1
[LOG] SystemI::DSPCodecPoolRegister            : register codec pool for pool type 5
[LOG] SystemI::createSoundInternal             : Sample 0/1: name='STEPS Pudle, Walk 04, Single Impact', format=5, channels=1, frequency=48000, lengthbytes=2496, lengthpcm=13104, pcmblocksize=0, loopstart=0, loopend=0, mode=0x00000000, channelmask=0x00000000, channelorder=0, peakvolume=0.999969.
[LOG] SystemI::createSoundInternal             : Create name='', mode=0x02000202
[LOG] SystemI::createSoundInternal             : exinfo->cbsize             = 224
[LOG] SystemI::createSoundInternal             : exinfo->length             = 566624
[LOG] SystemI::createSoundInternal             : exinfo->fileoffset         = 32064
[LOG] SystemI::createSoundInternal             : exinfo->numsubsounds       = 1
[LOG] SystemI::createSoundInternal             : exinfo->inclusionlist      = 0000001673C4F018
[LOG] SystemI::createSoundInternal             : exinfo->inclusionlistnum   = 1
[LOG] SystemI::createSoundInternal             : exinfo->suggestedsoundtype = 5
[LOG] SystemI::createSoundInternal             : exinfo->useropen           = 00007FFCA7D460E0
[LOG] SystemI::createSoundInternal             : exinfo->userclose          = 00007FFCA7D460B0
[LOG] SystemI::createSoundInternal             : exinfo->userread           = 00007FFCA7D461B0
[LOG] SystemI::createSoundInternal             : exinfo->userseek           = 00007FFCA7D46270
[LOG] SystemI::createSoundInternal             : exinfo->fileuserdata       = 000001B8F552AFE8
[LOG] SystemI::createSoundInternal             : exinfo->initialseekpostype = 1
[LOG] SystemI::DSPCodecPoolRegister            : register codec pool for pool type 5
[LOG] SystemI::createSoundInternal             : Sample 0/1: name='STEPS Pudle, Walk 06, Single Impact', format=5, channels=1, frequency=48000, lengthbytes=4992, lengthpcm=28080, pcmblocksize=0, loopstart=0, loopend=0, mode=0x00000000, channelmask=0x00000000, channelorder=0, peakvolume=0.996948.
[LOG] SystemI::createSoundInternal             : Create name='', mode=0x02000202
[LOG] SystemI::createSoundInternal             : exinfo->cbsize             = 224
[LOG] SystemI::createSoundInternal             : exinfo->length             = 566624
[LOG] SystemI::createSoundInternal             : exinfo->fileoffset         = 32064
[LOG] SystemI::createSoundInternal             : exinfo->numsubsounds       = 1
[LOG] SystemI::createSoundInternal             : exinfo->inclusionlist      = 0000001673C4F018
[LOG] SystemI::createSoundInternal             : exinfo->inclusionlistnum   = 1
[LOG] SystemI::createSoundInternal             : exinfo->suggestedsoundtype = 5
[LOG] SystemI::createSoundInternal             : exinfo->useropen           = 00007FFCA7D460E0
[LOG] SystemI::createSoundInternal             : exinfo->userclose          = 00007FFCA7D460B0
[LOG] SystemI::createSoundInternal             : exinfo->userread           = 00007FFCA7D461B0
[LOG] SystemI::createSoundInternal             : exinfo->userseek           = 00007FFCA7D46270
[LOG] SystemI::createSoundInternal             : exinfo->fileuserdata       = 000001B8F552AFE8
[LOG] SystemI::createSoundInternal             : exinfo->initialseekpostype = 1
[LOG] SystemI::DSPCodecPoolRegister            : register codec pool for pool type 5
[LOG] SystemI::createSoundInternal             : Sample 0/1: name='STEPS Pudle, Walk 01, Single Impact', format=5, channels=1, frequency=48000, lengthbytes=3712, lengthpcm=19439, pcmblocksize=0, loopstart=0, loopend=0, mode=0x00000000, channelmask=0x00000000, channelorder=0, peakvolume=0.999969.
[LOG] SystemI::createSoundInternal             : Create name='', mode=0x02000202
[LOG] SystemI::createSoundInternal             : exinfo->cbsize             = 224
[LOG] SystemI::createSoundInternal             : exinfo->length             = 566624
[LOG] SystemI::createSoundInternal             : exinfo->fileoffset         = 32064
[LOG] SystemI::createSoundInternal             : exinfo->numsubsounds       = 1
[LOG] SystemI::createSoundInternal             : exinfo->inclusionlist      = 0000001673C4F018
[LOG] SystemI::createSoundInternal             : exinfo->inclusionlistnum   = 1
[LOG] SystemI::createSoundInternal             : exinfo->suggestedsoundtype = 5
[LOG] SystemI::createSoundInternal             : exinfo->useropen           = 00007FFCA7D460E0
[LOG] SystemI::createSoundInternal             : exinfo->userclose          = 00007FFCA7D460B0
[LOG] SystemI::createSoundInternal             : exinfo->userread           = 00007FFCA7D461B0
[LOG] SystemI::createSoundInternal             : exinfo->userseek           = 00007FFCA7D46270
[LOG] SystemI::createSoundInternal             : exinfo->fileuserdata       = 000001B8F552AFE8
[LOG] SystemI::createSoundInternal             : exinfo->initialseekpostype = 1
[LOG] SystemI::DSPCodecPoolRegister            : register codec pool for pool type 5
[LOG] SystemI::createSoundInternal             : Sample 0/1: name='STEPS Pudle, Walk 05, Single Impact', format=5, channels=1, frequency=48000, lengthbytes=3968, lengthpcm=22607, pcmblocksize=0, loopstart=0, loopend=0, mode=0x00000000, channelmask=0x00000000, channelorder=0, peakvolume=0.999908.
[LOG] SystemI::createSoundInternal             : Create name='', mode=0x02000202
[LOG] SystemI::createSoundInternal             : exinfo->cbsize             = 224
[LOG] SystemI::createSoundInternal             : exinfo->length             = 566624
[LOG] SystemI::createSoundInternal             : exinfo->fileoffset         = 32064
[LOG] SystemI::createSoundInternal             : exinfo->numsubsounds       = 1
[LOG] SystemI::createSoundInternal             : exinfo->inclusionlist      = 0000001673C4F018
[LOG] SystemI::createSoundInternal             : exinfo->inclusionlistnum   = 1
[LOG] SystemI::createSoundInternal             : exinfo->suggestedsoundtype = 5
[LOG] SystemI::createSoundInternal             : exinfo->useropen           = 00007FFCA7D460E0
[LOG] SystemI::createSoundInternal             : exinfo->userclose          = 00007FFCA7D460B0
[LOG] SystemI::createSoundInternal             : exinfo->userread           = 00007FFCA7D461B0
[LOG] SystemI::createSoundInternal             : exinfo->userseek           = 00007FFCA7D46270
[LOG] SystemI::createSoundInternal             : exinfo->fileuserdata       = 000001B8F552AFE8
[LOG] SystemI::createSoundInternal             : exinfo->initialseekpostype = 1
[LOG] SystemI::DSPCodecPoolRegister            : register codec pool for pool type 5
[LOG] SystemI::createSoundInternal             : Sample 0/1: name='STEPS Pudle, Walk 02, Single Impact', format=5, channels=1, frequency=48000, lengthbytes=3456, lengthpcm=17903, pcmblocksize=0, loopstart=0, loopend=0, mode=0x00000000, channelmask=0x00000000, channelorder=0, peakvolume=0.999542.
[LOG] SystemI::createSoundInternal             : Create name='', mode=0x02000202
[LOG] SystemI::createSoundInternal             : exinfo->cbsize             = 224
[LOG] SystemI::createSoundInternal             : exinfo->length             = 566624
[LOG] SystemI::createSoundInternal             : exinfo->fileoffset         = 32064
[LOG] SystemI::createSoundInternal             : exinfo->numsubsounds       = 1
[LOG] SystemI::createSoundInternal             : exinfo->inclusionlist      = 0000001673C4F018
[LOG] SystemI::createSoundInternal             : exinfo->inclusionlistnum   = 1
[LOG] SystemI::createSoundInternal             : exinfo->suggestedsoundtype = 5
[LOG] SystemI::createSoundInternal             : exinfo->useropen           = 00007FFCA7D460E0
[LOG] SystemI::createSoundInternal             : exinfo->userclose          = 00007FFCA7D460B0
[LOG] SystemI::createSoundInternal             : exinfo->userread           = 00007FFCA7D461B0
[LOG] SystemI::createSoundInternal             : exinfo->userseek           = 00007FFCA7D46270
[LOG] SystemI::createSoundInternal             : exinfo->fileuserdata       = 000001B8F552AFE8
[LOG] SystemI::createSoundInternal             : exinfo->initialseekpostype = 1
[LOG] SystemI::DSPCodecPoolRegister            : register codec pool for pool type 5
[LOG] SystemI::createSoundInternal             : Sample 0/1: name='STEPS Pudle, Walk 03, Single Impact', format=5, channels=1, frequency=48000, lengthbytes=1888, lengthpcm=8064, pcmblocksize=0, loopstart=0, loopend=0, mode=0x00000000, channelmask=0x00000000, channelorder=0, peakvolume=0.999969.
[LOG] SystemI::createSoundInternal             : Create name='', mode=0x02000202
[LOG] SystemI::createSoundInternal             : exinfo->cbsize             = 224
[LOG] SystemI::createSoundInternal             : exinfo->length             = 566624
[LOG] SystemI::createSoundInternal             : exinfo->fileoffset         = 32064
[LOG] SystemI::createSoundInternal             : exinfo->numsubsounds       = 1
[LOG] SystemI::createSoundInternal             : exinfo->inclusionlist      = 0000001673C4F018
[LOG] SystemI::createSoundInternal             : exinfo->inclusionlistnum   = 1
[LOG] SystemI::createSoundInternal             : exinfo->suggestedsoundtype = 5
[LOG] SystemI::createSoundInternal             : exinfo->useropen           = 00007FFCA7D460E0
[LOG] SystemI::createSoundInternal             : exinfo->userclose          = 00007FFCA7D460B0
[LOG] SystemI::createSoundInternal             : exinfo->userread           = 00007FFCA7D461B0
[LOG] SystemI::createSoundInternal             : exinfo->userseek           = 00007FFCA7D46270
[LOG] SystemI::createSoundInternal             : exinfo->fileuserdata       = 000001B8FB4BDC28
[LOG] SystemI::createSoundInternal             : exinfo->initialseekpostype = 1
[LOG] SystemI::DSPCodecPoolRegister            : register codec pool for pool type 5
[LOG] SystemI::createSoundInternal             : Sample 0/1: name='346694__adam-n__body-fall-02', format=5, channels=1, frequency=48000, lengthbytes=13280, lengthpcm=77761, pcmblocksize=0, loopstart=0, loopend=0, mode=0x00000000, channelmask=0x00000000, channelorder=0, peakvolume=0.707000.
[LOG] SystemI::createSoundInternal             : Create name='', mode=0x02000202
[LOG] SystemI::createSoundInternal             : exinfo->cbsize             = 224
[LOG] SystemI::createSoundInternal             : exinfo->length             = 566624
[LOG] SystemI::createSoundInternal             : exinfo->fileoffset         = 32064
[LOG] SystemI::createSoundInternal             : exinfo->numsubsounds       = 1
[LOG] SystemI::createSoundInternal             : exinfo->inclusionlist      = 0000001673C4F018
[LOG] SystemI::createSoundInternal             : exinfo->inclusionlistnum   = 1
[LOG] SystemI::createSoundInternal             : exinfo->suggestedsoundtype = 5
[LOG] SystemI::createSoundInternal             : exinfo->useropen           = 00007FFCA7D460E0
[LOG] SystemI::createSoundInternal             : exinfo->userclose          = 00007FFCA7D460B0
[LOG] SystemI::createSoundInternal             : exinfo->userread           = 00007FFCA7D461B0
[LOG] SystemI::createSoundInternal             : exinfo->userseek           = 00007FFCA7D46270
[LOG] SystemI::createSoundInternal             : exinfo->fileuserdata       = 000001B8FB4BDC28
[LOG] SystemI::createSoundInternal             : exinfo->initialseekpostype = 1
[LOG] SystemI::DSPCodecPoolRegister            : register codec pool for pool type 5
[LOG] SystemI::createSoundInternal             : Sample 0/1: name='hits_flesh_with_blood_01_12', format=5, channels=1, frequency=48000, lengthbytes=16128, lengthpcm=70416, pcmblocksize=0, loopstart=0, loopend=0, mode=0x00000000, channelmask=0x00000000, channelorder=0, peakvolume=0.999969.
[LOG] SystemI::createSoundInternal             : Create name='', mode=0x02000202
[LOG] SystemI::createSoundInternal             : exinfo->cbsize             = 224
[LOG] SystemI::createSoundInternal             : exinfo->length             = 566624
[LOG] SystemI::createSoundInternal             : exinfo->fileoffset         = 32064
[LOG] SystemI::createSoundInternal             : exinfo->numsubsounds       = 1
[LOG] SystemI::createSoundInternal             : exinfo->inclusionlist      = 0000001673C4F018
[LOG] SystemI::createSoundInternal             : exinfo->inclusionlistnum   = 1
[LOG] SystemI::createSoundInternal             : exinfo->suggestedsoundtype = 5
[LOG] SystemI::createSoundInternal             : exinfo->useropen           = 00007FFCA7D460E0
[LOG] SystemI::createSoundInternal             : exinfo->userclose          = 00007FFCA7D460B0
[LOG] SystemI::createSoundInternal             : exinfo->userread           = 00007FFCA7D461B0
[LOG] SystemI::createSoundInternal             : exinfo->userseek           = 00007FFCA7D46270
[LOG] SystemI::createSoundInternal             : exinfo->fileuserdata       = 000001B8FB4BDC28
[LOG] SystemI::createSoundInternal             : exinfo->initialseekpostype = 1
[LOG] SystemI::DSPCodecPoolRegister            : register codec pool for pool type 5
[LOG] SystemI::createSoundInternal             : Sample 0/1: name='mob_voice_death_3', format=5, channels=2, frequency=48000, lengthbytes=27168, lengthpcm=113431, pcmblocksize=0, loopstart=0, loopend=0, mode=0x00000000, channelmask=0x00000000, channelorder=0, peakvolume=0.860348.
[LOG] SystemI::createSoundInternal             : Create name='', mode=0x02000202
[LOG] SystemI::createSoundInternal             : exinfo->cbsize             = 224
[LOG] SystemI::createSoundInternal             : exinfo->length             = 566624
[LOG] SystemI::createSoundInternal             : exinfo->fileoffset         = 32064
[LOG] SystemI::createSoundInternal             : exinfo->numsubsounds       = 1
[LOG] SystemI::createSoundInternal             : exinfo->inclusionlist      = 0000001673C4F018
[LOG] SystemI::createSoundInternal             : exinfo->inclusionlistnum   = 1
[LOG] SystemI::createSoundInternal             : exinfo->suggestedsoundtype = 5
[LOG] SystemI::createSoundInternal             : exinfo->useropen           = 00007FFCA7D460E0
[LOG] SystemI::createSoundInternal             : exinfo->userclose          = 00007FFCA7D460B0
[LOG] SystemI::createSoundInternal             : exinfo->userread           = 00007FFCA7D461B0
[LOG] SystemI::createSoundInternal             : exinfo->userseek           = 00007FFCA7D46270
[LOG] SystemI::createSoundInternal             : exinfo->fileuserdata       = 000001B8FB4BDC28
[LOG] SystemI::createSoundInternal             : exinfo->initialseekpostype = 1
[LOG] SystemI::DSPCodecPoolRegister            : register codec pool for pool type 5
[LOG] SystemI::createSoundInternal             : Sample 0/1: name='mob_voice_death_1', format=5, channels=2, frequency=48000, lengthbytes=25728, lengthpcm=111473, pcmblocksize=0, loopstart=0, loopend=0, mode=0x00000000, channelmask=0x00000000, channelorder=0, peakvolume=0.868687.
[LOG] SoundI::release                          :  (000001B7FEBE43F8)
[LOG] SoundI::release                          :     STEPS Pudle, Walk 01, Single Impact (000001B64838E658)
[LOG] SoundI::release                          :  (000001B8FB203FF8)
[LOG] SoundI::release                          :     STEPS Pudle, Walk 02, Single Impact (000001B64838EE78)
[LOG] SoundI::release                          :  (000001B8FB2035E8)
[LOG] SoundI::release                          :     STEPS Pudle, Walk 03, Single Impact (000001B64838F698)
[LOG] SoundI::release                          :  (000001B8FD50E8A8)
[LOG] SoundI::release                          :     STEPS Pudle, Walk 04, Single Impact (000001B648391578)
[LOG] SoundI::release                          :  (000001B8FB203BA8)
[LOG] SoundI::release                          :     STEPS Pudle, Walk 05, Single Impact (000001B64838F1B8)
[LOG] SoundI::release                          :  (000001B7FEBE4288)
[LOG] SoundI::release                          :     STEPS Pudle, Walk 06, Single Impact (000001B648391098)
[LOG] SoundI::release                          :  (000001B8F960CEB8)
[LOG] SoundI::release                          :     STEPS Concrete, Run 15 (000001B8A2A10438)
[LOG] SoundI::release                          :  (000001B8F960D478)
[LOG] SoundI::release                          :     STEPS Concrete, Run 11 (000001B8A2A0E078)
[LOG] SoundI::release                          :  (000001B8F960D758)
[LOG] SoundI::release                          :     STEPS Concrete, Run 12 (000001B8A2A100F8)
[LOG] SoundI::release                          :  (000001B8F960C8F8)
[LOG] SoundI::release                          :     STEPS Concrete, Run 13 (000001B8A2A13698)
[LOG] SoundI::release                          :  (000001B8F960CBD8)
[LOG] SoundI::release                          :     STEPS Concrete, Run 14 (000001B8A2A0FA78)
[LOG] SoundI::release                          :  (000001B80CC95A18)
[LOG] SoundI::release                          :     hits_flesh_with_blood_01_12 (000001B6483906D8)
[LOG] SoundI::release                          :  (000001B80CC95738)
[LOG] SoundI::release                          :     346694__adam-n__body-fall-02 (000001B648391238)
[LOG] SoundI::release                          :  (000001B8FAA46FF8)
[LOG] SoundI::release                          :     mob_voice_death_1 (000001B64838E998)
[LOG] SoundI::release                          :  (000001B8FAA47898)
[LOG] SoundI::release                          :     mob_voice_death_3 (000001B648390EF8)
[LOG] SoundI::release                          :  (000001B8F4F0BC68)
[LOG] SoundI::release                          :     flesh_stabs_melee_weapon_02_8 (000001B8A2A10778)
[LOG] SoundI::release                          :  (000001B8F4F0B988)
[LOG] SoundI::release                          :     40.Bullet Hit   Body (10) by FilmmakersManual Id-522313 (000001B8A2A12B38)
[LOG] SoundI::release                          :  (000001B8FC931A18)
[LOG] SoundI::release                          :     body_punches_01_3 (000001B8A2A0EF18)
[LOG] SoundI::release                          :  (000001B8F7CD8528)
[LOG] SoundI::release                          :     mob_voice_pain_1 (000001B8A2A0F0B8)
[LOG] SoundI::release                          : cancion-triste-1502 (000001B80E562598)
[LOG] SoundI::release                          :     cancion-triste-1502 (000001B8A2A13B78)
[LOG] SoundI::release                          :     cancion-triste-1502 (000001B80E561ED8)
[LOG] SoundI::release                          :  (000001B8F4F0BDD8)
[LOG] SoundI::release                          :     mob_voice_pain_1_2 (000001B8A2A11AF8)
[LOG] SoundI::release                          :  (000001B8FC931FD8)
[LOG] SoundI::release                          :     Stab 1_1 (000001B8A2A127F8)
[LOG] SoundI::release                          :  (000001B8FC9318A8)
[LOG] SoundI::release                          :     Stab 1_2 (000001B8A2A0ED78)
[LOG] SoundI::release                          :  (000001B8F4F0B818)
[LOG] SoundI::release                          :     body_punches_01_6 (000001B8A2A13D18)
[LOG] SoundI::release                          :  (000001B8F7CD8698)
[LOG] SoundI::release                          :     Stab 2_1 (000001B8A2A134F8)
[LOG] SoundI::release                          :  (000001B80681A758)
[LOG] SoundI::release                          :     Stab 2_2 (000001B8A2A14398)
[LOG] SoundI::release                          :  (000001B8F7CD8808)
[LOG] SoundI::release                          :     mob_voice_pain_2 (000001B8A2A0F258)
[LOG] SoundI::release                          :  (000001B80681A5E8)
[LOG] SoundI::release                          :     mob_voice_pain_2_2 (000001B8A2A14058)
[LOG] SoundI::release                          :  (000001B80681A478)
[LOG] SoundI::release                          :     mob_voice_atk_3 (000001B8A2A131B8)
[LOG] SoundI::release                          :  (000001B648A600A8)
[LOG] SoundI::release                          :     Whoosh 6_1 (000001B8A2A0F598)
[LOG] SoundI::release                          :  (000001B8FC931CF8)
[LOG] SoundI::release                          :     Whoosh 7_1 (000001B8A2A12178)
[LOG] SoundI::release                          :  (000001B648A604F8)
[LOG] SoundI::release                          :     Whoosh 8_1 (000001B8A2A12998)
[LOG] SoundI::release                          :  (000001B8F4F0B6A8)
[LOG] SoundI::release                          :     Metal Weapon Swing 1_3 (000001B8A2A11138)
[LOG] SoundI::release                          :  (000001B64CA7D668)
[LOG] SoundI::release                          :     mob_voice_atk_1 (000001B8A2A12CD8)
[LOG] SoundI::release                          :  (000001B8F4F0B0E8)
[LOG] SoundI::release                          :     Cymatics - Gunshot Beefy_2 (000001B8A2A0FC18)
[LOG] SoundI::release                          :  (000001B8F4F0B258)
[LOG] SoundI::release                          :     bearger_dustpoof_1 (000001B8A2A10C58)
[LOG] SoundI::release                          :  (000001B8F7CD80D8)
[LOG] SoundI::release                          :     431019__camomano__stone-hit (000001B8A2A0EA38)
[LOG] SoundI::release                          :  (000001B8F7CD83B8)
[LOG] SoundI::release                          :     bearger_dustpoof_4 (000001B8A2A0E3B8)
[LOG] SoundI::release                          :  (000001B8F7CD8248)
[LOG] SoundI::release                          :     bearger_swhoosh_1 (000001B8A2A13018)
[LOG] SoundI::release                          :  (000001B8FC931B88)
[LOG] SoundI::release                          :     Metal Weapon Swing 1_1 (000001B8A2A0FF58)
[LOG] SoundI::release                          :  (000001B8F7CD7F68)
[LOG] SoundI::release                          :     Metal Weapon Swing 2_1 (000001B8A2A0E898)
[LOG] SoundI::release                          :  (000001B648A60218)
[LOG] SoundI::release                          :     Metal Weapon Swing 1_2 (000001B8A2A10918)
[LOG] SoundI::release                          :  (000001B648A60AB8)
[LOG] SoundI::release                          :     Metal Weapon Swing 2_2 (000001B8A2A13EB8)
[LOG] Thread::callback                         : FMOD Studio update thread finished.
[LOG] Thread::callback                         : FMOD Studio bank load thread finished.
[LOG] Profile::disconnectAll                   : Profiler disconnecting all clients
[LOG] Thread::callback                         : FMOD Studio sample load thread finished.
[LOG] LiveUpdate::release                      : 
[LOG] LiveUpdate::reset                        : Reset connection (reason Disconnected)
[LOG] Thread::callback                         : FMOD stream thread finished.
[LOG] Thread::callback                         : FMOD mixer thread finished.
[LOG] Profile::disconnectAll                   : Profiler disconnecting all clients
[LOG] SystemI::close                           : Closed.
[LOG] Manager::readBank                        : fileversion = 135, compatVersion = 132 (oldest = 44, newest = 135)
[LOG] Manager::readBank                        : fileversion = 135, compatVersion = 132 (oldest = 44, newest = 135)
[LOG] Manager::readBank                        : fileversion = 135, compatVersion = 132 (oldest = 44, newest = 135)
[LOG] PlaybackSystem::acquireMasterBus         : Setting master channel group format to 6
